# JRE version: OpenJDK Runtime Environment (21.0.5) (build 21.0.5+-13047016-b750.29)
# Java VM: OpenJDK 64-Bit Server VM (21.0.5+-13047016-b750.29, mixed mode, tiered, compressed oops, compressed class ptrs, g1 gc, windows-amd64)
GC Precious Log:
 CardTable entry size: 512
 Card Set container configuration: InlinePtr #cards 5 size 8 Array Of Cards #cards 12 size 40 Howl #buckets 4 coarsen threshold 1843 Howl Bitmap #cards 512 size 80 coarsen threshold 460 Card regions per heap region 1 cards per card region 2048
 CPUs: 8 total, 8 available
 Memory: 8089M
 Large Page Support: Disabled
 NUMA Support: Disabled
 Compressed Oops: Enabled (32-bit)
 Heap Region Size: 1M
 Heap Min Capacity: 8M
 Heap Initial Capacity: 128M
 Heap Max Capacity: 2G
 Pre-touch: Disabled
 Parallel Workers: 8
 Concurrent Workers: 2
 Concurrent Refinement Workers: 8
 Periodic GC: Disabled
Heap:
 garbage-first heap   total 327680K, used 224900K [0x0000000080000000, 0x0000000100000000)
  region size 1024K, 45 young (46080K), 14 survivors (14336K)
 Metaspace       used 153098K, committed 155584K, reserved 1245184K
  class space    used 20571K, committed 21824K, reserved 1048576K
GC Heap History (20 events):
Event: 51.263 GC heap before
{Heap before GC invocations=48 (full 0):
 garbage-first heap   total 269312K, used 237568K [0x0000000080000000, 0x0000000100000000)
  region size 1024K, 95 young (97280K), 12 survivors (12288K)
 Metaspace       used 140539K, committed 142848K, reserved 1179648K
  class space    used 19441K, committed 20608K, reserved 1048576K
}
Event: 51.278 GC heap after
{Heap after GC invocations=49 (full 0):
 garbage-first heap   total 269312K, used 154684K [0x0000000080000000, 0x0000000100000000)
  region size 1024K, 4 young (4096K), 4 survivors (4096K)
 Metaspace       used 140539K, committed 142848K, reserved 1179648K
  class space    used 19441K, committed 20608K, reserved 1048576K
}
Event: 52.739 GC heap before
{Heap before GC invocations=49 (full 0):
 garbage-first heap   total 269312K, used 197692K [0x0000000080000000, 0x0000000100000000)
  region size 1024K, 48 young (49152K), 4 survivors (4096K)
 Metaspace       used 144044K, committed 146368K, reserved 1179648K
  class space    used 19949K, committed 21120K, reserved 1048576K
}
Event: 52.749 GC heap after
{Heap after GC invocations=50 (full 0):
 garbage-first heap   total 269312K, used 157195K [0x0000000080000000, 0x0000000100000000)
  region size 1024K, 6 young (6144K), 6 survivors (6144K)
 Metaspace       used 144044K, committed 146368K, reserved 1179648K
  class space    used 19949K, committed 21120K, reserved 1048576K
}
Event: 820.662 GC heap before
{Heap before GC invocations=51 (full 0):
 garbage-first heap   total 307200K, used 271883K [0x0000000080000000, 0x0000000100000000)
  region size 1024K, 93 young (95232K), 6 survivors (6144K)
 Metaspace       used 150289K, committed 152704K, reserved 1179648K
  class space    used 20526K, committed 21760K, reserved 1048576K
}
Event: 820.672 GC heap after
{Heap after GC invocations=52 (full 0):
 garbage-first heap   total 307200K, used 152640K [0x0000000080000000, 0x0000000100000000)
  region size 1024K, 6 young (6144K), 6 survivors (6144K)
 Metaspace       used 150289K, committed 152704K, reserved 1179648K
  class space    used 20526K, committed 21760K, reserved 1048576K
}
Event: 841.502 GC heap before
{Heap before GC invocations=52 (full 0):
 garbage-first heap   total 307200K, used 283712K [0x0000000080000000, 0x0000000100000000)
  region size 1024K, 135 young (138240K), 6 survivors (6144K)
 Metaspace       used 151357K, committed 153728K, reserved 1245184K
  class space    used 20550K, committed 21760K, reserved 1048576K
}
Event: 841.533 GC heap after
{Heap after GC invocations=53 (full 0):
 garbage-first heap   total 307200K, used 160268K [0x0000000080000000, 0x0000000100000000)
  region size 1024K, 17 young (17408K), 17 survivors (17408K)
 Metaspace       used 151357K, committed 153728K, reserved 1245184K
  class space    used 20550K, committed 21760K, reserved 1048576K
}
Event: 841.868 GC heap before
{Heap before GC invocations=53 (full 0):
 garbage-first heap   total 307200K, used 172556K [0x0000000080000000, 0x0000000100000000)
  region size 1024K, 31 young (31744K), 17 survivors (17408K)
 Metaspace       used 151484K, committed 153856K, reserved 1245184K
  class space    used 20550K, committed 21760K, reserved 1048576K
}
Event: 841.893 GC heap after
{Heap after GC invocations=54 (full 0):
 garbage-first heap   total 307200K, used 161966K [0x0000000080000000, 0x0000000100000000)
  region size 1024K, 3 young (3072K), 3 survivors (3072K)
 Metaspace       used 151484K, committed 153856K, reserved 1245184K
  class space    used 20550K, committed 21760K, reserved 1048576K
}
Event: 895.105 GC heap before
{Heap before GC invocations=55 (full 0):
 garbage-first heap   total 322560K, used 312494K [0x0000000080000000, 0x0000000100000000)
  region size 1024K, 120 young (122880K), 3 survivors (3072K)
 Metaspace       used 151926K, committed 154368K, reserved 1245184K
  class space    used 20557K, committed 21760K, reserved 1048576K
}
Event: 895.123 GC heap after
{Heap after GC invocations=56 (full 0):
 garbage-first heap   total 325632K, used 170927K [0x0000000080000000, 0x0000000100000000)
  region size 1024K, 12 young (12288K), 12 survivors (12288K)
 Metaspace       used 151926K, committed 154368K, reserved 1245184K
  class space    used 20557K, committed 21760K, reserved 1048576K
}
Event: 1045.485 GC heap before
{Heap before GC invocations=56 (full 0):
 garbage-first heap   total 325632K, used 294831K [0x0000000080000000, 0x0000000100000000)
  region size 1024K, 133 young (136192K), 12 survivors (12288K)
 Metaspace       used 152326K, committed 154816K, reserved 1245184K
  class space    used 20566K, committed 21824K, reserved 1048576K
}
Event: 1045.529 GC heap after
{Heap after GC invocations=57 (full 0):
 garbage-first heap   total 325632K, used 180339K [0x0000000080000000, 0x0000000100000000)
  region size 1024K, 13 young (13312K), 13 survivors (13312K)
 Metaspace       used 152326K, committed 154816K, reserved 1245184K
  class space    used 20566K, committed 21824K, reserved 1048576K
}
Event: 1057.983 GC heap before
{Heap before GC invocations=57 (full 0):
 garbage-first heap   total 325632K, used 231539K [0x0000000080000000, 0x0000000100000000)
  region size 1024K, 65 young (66560K), 13 survivors (13312K)
 Metaspace       used 152500K, committed 154944K, reserved 1245184K
  class space    used 20567K, committed 21824K, reserved 1048576K
}
Event: 1058.004 GC heap after
{Heap after GC invocations=58 (full 0):
 garbage-first heap   total 325632K, used 185876K [0x0000000080000000, 0x0000000100000000)
  region size 1024K, 6 young (6144K), 6 survivors (6144K)
 Metaspace       used 152500K, committed 154944K, reserved 1245184K
  class space    used 20567K, committed 21824K, reserved 1048576K
}
Event: 1107.177 GC heap before
{Heap before GC invocations=59 (full 0):
 garbage-first heap   total 325632K, used 324116K [0x0000000080000000, 0x0000000100000000)
  region size 1024K, 113 young (115712K), 6 survivors (6144K)
 Metaspace       used 152593K, committed 155072K, reserved 1245184K
  class space    used 20567K, committed 21824K, reserved 1048576K
}
Event: 1107.183 GC heap after
{Heap after GC invocations=60 (full 0):
 garbage-first heap   total 327680K, used 176901K [0x0000000080000000, 0x0000000100000000)
  region size 1024K, 2 young (2048K), 2 survivors (2048K)
 Metaspace       used 152593K, committed 155072K, reserved 1245184K
  class space    used 20567K, committed 21824K, reserved 1048576K
}
Event: 1513.507 GC heap before
{Heap before GC invocations=60 (full 0):
 garbage-first heap   total 327680K, used 301829K [0x0000000080000000, 0x0000000100000000)
  region size 1024K, 125 young (128000K), 2 survivors (2048K)
 Metaspace       used 152941K, committed 155328K, reserved 1245184K
  class space    used 20571K, committed 21824K, reserved 1048576K
}
Event: 1513.544 GC heap after
{Heap after GC invocations=61 (full 0):
 garbage-first heap   total 327680K, used 164484K [0x0000000080000000, 0x0000000100000000)
  region size 1024K, 14 young (14336K), 14 survivors (14336K)
 Metaspace       used 152941K, committed 155328K, reserved 1245184K
  class space    used 20571K, committed 21824K, reserved 1048576K
}

