# JRE version: OpenJDK Runtime Environment (21.0.5) (build 21.0.5+-13047016-b750.29)
# Java VM: OpenJDK 64-Bit Server VM (21.0.5+-13047016-b750.29, mixed mode, tiered, compressed oops, compressed class ptrs, g1 gc, windows-amd64)
GC Precious Log:
 CardTable entry size: 512
 Card Set container configuration: InlinePtr #cards 5 size 8 Array Of Cards #cards 12 size 40 Howl #buckets 4 coarsen threshold 1843 Howl Bitmap #cards 512 size 80 coarsen threshold 460 Card regions per heap region 1 cards per card region 2048
 CPUs: 8 total, 8 available
 Memory: 8089M
 Large Page Support: Disabled
 NUMA Support: Disabled
 Compressed Oops: Enabled (32-bit)
 Heap Region Size: 1M
 Heap Min Capacity: 8M
 Heap Initial Capacity: 128M
 Heap Max Capacity: 2G
 Pre-touch: Disabled
 Parallel Workers: 8
 Concurrent Workers: 2
 Concurrent Refinement Workers: 8
 Periodic GC: Disabled
Heap:
 garbage-first heap   total 195584K, used 116553K [0x0000000080000000, 0x0000000100000000)
  region size 1024K, 2 young (2048K), 2 survivors (2048K)
 Metaspace       used 121931K, committed 124096K, reserved 1179648K
  class space    used 16179K, committed 17280K, reserved 1048576K
GC Heap History (20 events):
Event: 21.508 GC heap after
{Heap after GC invocations=33 (full 0):
 garbage-first heap   total 155648K, used 93673K [0x0000000080000000, 0x0000000100000000)
  region size 1024K, 5 young (5120K), 5 survivors (5120K)
 Metaspace       used 101001K, committed 103040K, reserved 1179648K
  class space    used 13696K, committed 14720K, reserved 1048576K
}
Event: 22.352 GC heap before
{Heap before GC invocations=33 (full 0):
 garbage-first heap   total 155648K, used 139753K [0x0000000080000000, 0x0000000100000000)
  region size 1024K, 50 young (51200K), 5 survivors (5120K)
 Metaspace       used 104523K, committed 106624K, reserved 1179648K
  class space    used 14215K, committed 15296K, reserved 1048576K
}
Event: 22.362 GC heap after
{Heap after GC invocations=34 (full 0):
 garbage-first heap   total 155648K, used 96816K [0x0000000080000000, 0x0000000100000000)
  region size 1024K, 7 young (7168K), 7 survivors (7168K)
 Metaspace       used 104523K, committed 106624K, reserved 1179648K
  class space    used 14215K, committed 15296K, reserved 1048576K
}
Event: 23.241 GC heap before
{Heap before GC invocations=35 (full 0):
 garbage-first heap   total 162816K, used 138800K [0x0000000080000000, 0x0000000100000000)
  region size 1024K, 48 young (49152K), 7 survivors (7168K)
 Metaspace       used 108523K, committed 110656K, reserved 1179648K
  class space    used 14791K, committed 15872K, reserved 1048576K
}
Event: 23.253 GC heap after
{Heap after GC invocations=36 (full 0):
 garbage-first heap   total 162816K, used 98655K [0x0000000080000000, 0x0000000100000000)
  region size 1024K, 5 young (5120K), 5 survivors (5120K)
 Metaspace       used 108523K, committed 110656K, reserved 1179648K
  class space    used 14791K, committed 15872K, reserved 1048576K
}
Event: 24.079 GC heap before
{Heap before GC invocations=36 (full 0):
 garbage-first heap   total 162816K, used 146783K [0x0000000080000000, 0x0000000100000000)
  region size 1024K, 53 young (54272K), 5 survivors (5120K)
 Metaspace       used 111229K, committed 113408K, reserved 1179648K
  class space    used 15094K, committed 16192K, reserved 1048576K
}
Event: 24.095 GC heap after
{Heap after GC invocations=37 (full 0):
 garbage-first heap   total 162816K, used 104163K [0x0000000080000000, 0x0000000100000000)
  region size 1024K, 7 young (7168K), 7 survivors (7168K)
 Metaspace       used 111229K, committed 113408K, reserved 1179648K
  class space    used 15094K, committed 16192K, reserved 1048576K
}
Event: 24.098 GC heap before
{Heap before GC invocations=37 (full 0):
 garbage-first heap   total 162816K, used 104163K [0x0000000080000000, 0x0000000100000000)
  region size 1024K, 8 young (8192K), 7 survivors (7168K)
 Metaspace       used 111229K, committed 113408K, reserved 1179648K
  class space    used 15094K, committed 16192K, reserved 1048576K
}
Event: 24.109 GC heap after
{Heap after GC invocations=38 (full 0):
 garbage-first heap   total 195584K, used 105594K [0x0000000080000000, 0x0000000100000000)
  region size 1024K, 1 young (1024K), 1 survivors (1024K)
 Metaspace       used 111229K, committed 113408K, reserved 1179648K
  class space    used 15094K, committed 16192K, reserved 1048576K
}
Event: 24.111 GC heap before
{Heap before GC invocations=38 (full 0):
 garbage-first heap   total 195584K, used 106618K [0x0000000080000000, 0x0000000100000000)
  region size 1024K, 2 young (2048K), 1 survivors (1024K)
 Metaspace       used 111229K, committed 113408K, reserved 1179648K
  class space    used 15094K, committed 16192K, reserved 1048576K
}
Event: 24.114 GC heap after
{Heap after GC invocations=39 (full 0):
 garbage-first heap   total 195584K, used 106067K [0x0000000080000000, 0x0000000100000000)
  region size 1024K, 1 young (1024K), 1 survivors (1024K)
 Metaspace       used 111229K, committed 113408K, reserved 1179648K
  class space    used 15094K, committed 16192K, reserved 1048576K
}
Event: 25.052 GC heap before
{Heap before GC invocations=40 (full 0):
 garbage-first heap   total 195584K, used 166483K [0x0000000080000000, 0x0000000100000000)
  region size 1024K, 57 young (58368K), 1 survivors (1024K)
 Metaspace       used 114470K, committed 116544K, reserved 1179648K
  class space    used 15443K, committed 16512K, reserved 1048576K
}
Event: 25.063 GC heap after
{Heap after GC invocations=41 (full 0):
 garbage-first heap   total 195584K, used 110687K [0x0000000080000000, 0x0000000100000000)
  region size 1024K, 6 young (6144K), 6 survivors (6144K)
 Metaspace       used 114470K, committed 116544K, reserved 1179648K
  class space    used 15443K, committed 16512K, reserved 1048576K
}
Event: 25.678 GC heap before
{Heap before GC invocations=41 (full 0):
 garbage-first heap   total 195584K, used 165983K [0x0000000080000000, 0x0000000100000000)
  region size 1024K, 61 young (62464K), 6 survivors (6144K)
 Metaspace       used 115089K, committed 117248K, reserved 1179648K
  class space    used 15554K, committed 16640K, reserved 1048576K
}
Event: 25.697 GC heap after
{Heap after GC invocations=42 (full 0):
 garbage-first heap   total 195584K, used 112601K [0x0000000080000000, 0x0000000100000000)
  region size 1024K, 5 young (5120K), 5 survivors (5120K)
 Metaspace       used 115089K, committed 117248K, reserved 1179648K
  class space    used 15554K, committed 16640K, reserved 1048576K
}
Event: 26.331 GC heap before
{Heap before GC invocations=42 (full 0):
 garbage-first heap   total 195584K, used 168921K [0x0000000080000000, 0x0000000100000000)
  region size 1024K, 61 young (62464K), 5 survivors (5120K)
 Metaspace       used 115485K, committed 117568K, reserved 1179648K
  class space    used 15596K, committed 16640K, reserved 1048576K
}
Event: 26.344 GC heap after
{Heap after GC invocations=43 (full 0):
 garbage-first heap   total 195584K, used 115033K [0x0000000080000000, 0x0000000100000000)
  region size 1024K, 5 young (5120K), 5 survivors (5120K)
 Metaspace       used 115485K, committed 117568K, reserved 1179648K
  class space    used 15596K, committed 16640K, reserved 1048576K
}
Event: 27.161 GC heap before
{Heap before GC invocations=44 (full 0):
 garbage-first heap   total 195584K, used 172377K [0x0000000080000000, 0x0000000100000000)
  region size 1024K, 62 young (63488K), 5 survivors (5120K)
 Metaspace       used 117805K, committed 119936K, reserved 1179648K
  class space    used 15838K, committed 16896K, reserved 1048576K
}
Event: 27.172 GC heap after
{Heap after GC invocations=45 (full 0):
 garbage-first heap   total 195584K, used 117475K [0x0000000080000000, 0x0000000100000000)
  region size 1024K, 5 young (5120K), 5 survivors (5120K)
 Metaspace       used 117805K, committed 119936K, reserved 1179648K
  class space    used 15838K, committed 16896K, reserved 1048576K
}
Event: 638.616 GC heap before
{Heap before GC invocations=45 (full 0):
 garbage-first heap   total 195584K, used 173795K [0x0000000080000000, 0x0000000100000000)
  region size 1024K, 61 young (62464K), 5 survivors (5120K)
 Metaspace       used 121931K, committed 124096K, reserved 1179648K
  class space    used 16179K, committed 17280K, reserved 1048576K
}

