# JRE version: OpenJDK Runtime Environment (21.0.5) (build 21.0.5+-13047016-b750.29)
# Java VM: OpenJDK 64-Bit Server VM (21.0.5+-13047016-b750.29, mixed mode, tiered, compressed oops, compressed class ptrs, g1 gc, windows-amd64)
GC Precious Log:
 CardTable entry size: 512
 Card Set container configuration: InlinePtr #cards 5 size 8 Array Of Cards #cards 12 size 40 Howl #buckets 4 coarsen threshold 1843 Howl Bitmap #cards 512 size 80 coarsen threshold 460 Card regions per heap region 1 cards per card region 2048
 CPUs: 8 total, 8 available
 Memory: 8089M
 Large Page Support: Disabled
 NUMA Support: Disabled
 Compressed Oops: Enabled (32-bit)
 Heap Region Size: 1M
 Heap Min Capacity: 8M
 Heap Initial Capacity: 128M
 Heap Max Capacity: 2G
 Pre-touch: Disabled
 Parallel Workers: 8
 Concurrent Workers: 2
 Concurrent Refinement Workers: 8
 Periodic GC: Disabled
Heap:
 garbage-first heap   total 300032K, used 180023K [0x0000000080000000, 0x0000000100000000)
  region size 1024K, 31 young (31744K), 7 survivors (7168K)
 Metaspace       used 146241K, committed 148544K, reserved 1179648K
  class space    used 19730K, committed 20928K, reserved 1048576K
GC Heap History (20 events):
Event: 35.395 GC heap before
{Heap before GC invocations=49 (full 0):
 garbage-first heap   total 227328K, used 202745K [0x0000000080000000, 0x0000000100000000)
  region size 1024K, 80 young (81920K), 11 survivors (11264K)
 Metaspace       used 136641K, committed 138944K, reserved 1179648K
  class space    used 18378K, committed 19584K, reserved 1048576K
}
Event: 35.420 GC heap after
{Heap after GC invocations=50 (full 0):
 garbage-first heap   total 227328K, used 140734K [0x0000000080000000, 0x0000000100000000)
  region size 1024K, 8 young (8192K), 8 survivors (8192K)
 Metaspace       used 136641K, committed 138944K, reserved 1179648K
  class space    used 18378K, committed 19584K, reserved 1048576K
}
Event: 36.107 GC heap before
{Heap before GC invocations=50 (full 0):
 garbage-first heap   total 227328K, used 205246K [0x0000000080000000, 0x0000000100000000)
  region size 1024K, 72 young (73728K), 8 survivors (8192K)
 Metaspace       used 140578K, committed 142912K, reserved 1179648K
  class space    used 19054K, committed 20224K, reserved 1048576K
}
Event: 36.128 GC heap after
{Heap after GC invocations=51 (full 0):
 garbage-first heap   total 227328K, used 147651K [0x0000000080000000, 0x0000000100000000)
  region size 1024K, 8 young (8192K), 8 survivors (8192K)
 Metaspace       used 140578K, committed 142912K, reserved 1179648K
  class space    used 19054K, committed 20224K, reserved 1048576K
}
Event: 36.940 GC heap before
{Heap before GC invocations=52 (full 0):
 garbage-first heap   total 247808K, used 203971K [0x0000000080000000, 0x0000000100000000)
  region size 1024K, 64 young (65536K), 8 survivors (8192K)
 Metaspace       used 142718K, committed 145024K, reserved 1179648K
  class space    used 19330K, committed 20480K, reserved 1048576K
}
Event: 36.953 GC heap after
{Heap after GC invocations=53 (full 0):
 garbage-first heap   total 247808K, used 149025K [0x0000000080000000, 0x0000000100000000)
  region size 1024K, 2 young (2048K), 2 survivors (2048K)
 Metaspace       used 142718K, committed 145024K, reserved 1179648K
  class space    used 19330K, committed 20480K, reserved 1048576K
}
Event: 37.484 GC heap before
{Heap before GC invocations=53 (full 0):
 garbage-first heap   total 247808K, used 228897K [0x0000000080000000, 0x0000000100000000)
  region size 1024K, 80 young (81920K), 2 survivors (2048K)
 Metaspace       used 144044K, committed 146368K, reserved 1179648K
  class space    used 19479K, committed 20672K, reserved 1048576K
}
Event: 37.491 GC heap after
{Heap after GC invocations=54 (full 0):
 garbage-first heap   total 247808K, used 148951K [0x0000000080000000, 0x0000000100000000)
  region size 1024K, 2 young (2048K), 2 survivors (2048K)
 Metaspace       used 144044K, committed 146368K, reserved 1179648K
  class space    used 19479K, committed 20672K, reserved 1048576K
}
Event: 38.161 GC heap before
{Heap before GC invocations=54 (full 0):
 garbage-first heap   total 247808K, used 230871K [0x0000000080000000, 0x0000000100000000)
  region size 1024K, 83 young (84992K), 2 survivors (2048K)
 Metaspace       used 144833K, committed 147136K, reserved 1179648K
  class space    used 19611K, committed 20800K, reserved 1048576K
}
Event: 38.169 GC heap after
{Heap after GC invocations=55 (full 0):
 garbage-first heap   total 247808K, used 149438K [0x0000000080000000, 0x0000000100000000)
  region size 1024K, 2 young (2048K), 2 survivors (2048K)
 Metaspace       used 144833K, committed 147136K, reserved 1179648K
  class space    used 19611K, committed 20800K, reserved 1048576K
}
Event: 38.869 GC heap before
{Heap before GC invocations=56 (full 0):
 garbage-first heap   total 249856K, used 231358K [0x0000000080000000, 0x0000000100000000)
  region size 1024K, 83 young (84992K), 2 survivors (2048K)
 Metaspace       used 145507K, committed 147840K, reserved 1179648K
  class space    used 19691K, committed 20864K, reserved 1048576K
}
Event: 38.876 GC heap after
{Heap after GC invocations=57 (full 0):
 garbage-first heap   total 249856K, used 150763K [0x0000000080000000, 0x0000000100000000)
  region size 1024K, 4 young (4096K), 4 survivors (4096K)
 Metaspace       used 145507K, committed 147840K, reserved 1179648K
  class space    used 19691K, committed 20864K, reserved 1048576K
}
Event: 39.313 GC heap before
{Heap before GC invocations=57 (full 0):
 garbage-first heap   total 249856K, used 231659K [0x0000000080000000, 0x0000000100000000)
  region size 1024K, 83 young (84992K), 4 survivors (4096K)
 Metaspace       used 145762K, committed 148096K, reserved 1179648K
  class space    used 19726K, committed 20928K, reserved 1048576K
}
Event: 39.326 GC heap after
{Heap after GC invocations=58 (full 0):
 garbage-first heap   total 300032K, used 150469K [0x0000000080000000, 0x0000000100000000)
  region size 1024K, 5 young (5120K), 5 survivors (5120K)
 Metaspace       used 145762K, committed 148096K, reserved 1179648K
  class space    used 19726K, committed 20928K, reserved 1048576K
}
Event: 39.892 GC heap before
{Heap before GC invocations=58 (full 0):
 garbage-first heap   total 300032K, used 276421K [0x0000000080000000, 0x0000000100000000)
  region size 1024K, 129 young (132096K), 5 survivors (5120K)
 Metaspace       used 145920K, committed 148288K, reserved 1179648K
  class space    used 19727K, committed 20928K, reserved 1048576K
}
Event: 39.908 GC heap after
{Heap after GC invocations=59 (full 0):
 garbage-first heap   total 300032K, used 155487K [0x0000000080000000, 0x0000000100000000)
  region size 1024K, 10 young (10240K), 10 survivors (10240K)
 Metaspace       used 145920K, committed 148288K, reserved 1179648K
  class space    used 19727K, committed 20928K, reserved 1048576K
}
Event: 40.445 GC heap before
{Heap before GC invocations=59 (full 0):
 garbage-first heap   total 300032K, used 271199K [0x0000000080000000, 0x0000000100000000)
  region size 1024K, 124 young (126976K), 10 survivors (10240K)
 Metaspace       used 146077K, committed 148416K, reserved 1179648K
  class space    used 19729K, committed 20928K, reserved 1048576K
}
Event: 40.462 GC heap after
{Heap after GC invocations=60 (full 0):
 garbage-first heap   total 300032K, used 158162K [0x0000000080000000, 0x0000000100000000)
  region size 1024K, 12 young (12288K), 12 survivors (12288K)
 Metaspace       used 146077K, committed 148416K, reserved 1179648K
  class space    used 19729K, committed 20928K, reserved 1048576K
}
Event: 40.999 GC heap before
{Heap before GC invocations=60 (full 0):
 garbage-first heap   total 300032K, used 268754K [0x0000000080000000, 0x0000000100000000)
  region size 1024K, 121 young (123904K), 12 survivors (12288K)
 Metaspace       used 146211K, committed 148544K, reserved 1179648K
  class space    used 19730K, committed 20928K, reserved 1048576K
}
Event: 41.014 GC heap after
{Heap after GC invocations=61 (full 0):
 garbage-first heap   total 300032K, used 156471K [0x0000000080000000, 0x0000000100000000)
  region size 1024K, 7 young (7168K), 7 survivors (7168K)
 Metaspace       used 146211K, committed 148544K, reserved 1179648K
  class space    used 19730K, committed 20928K, reserved 1048576K
}

